# JRE version: Java(TM) SE Runtime Environment (9.0+181) (build 9+181)
# Java VM: Java HotSpot(TM) 64-Bit Server VM (9+181, mixed mode, tiered, compressed oops, g1 gc, windows-amd64)
Heap:
 garbage-first heap   total 352256K, used 144384K [0x0000000081600000, 0x0000000081700ac0, 0x0000000100000000)
  region size 1024K, 28 young (28672K), 5 survivors (5120K)
 Metaspace       used 30294K, capacity 32550K, committed 32640K, reserved 1077248K
  class space    used 3731K, capacity 4139K, committed 4224K, reserved 1048576K
GC Heap History (10 events):
Event: 6.319 GC heap before
{Heap before GC invocations=13 (full 0):
 garbage-first heap   total 200704K, used 155985K [0x0000000081600000, 0x0000000081700620, 0x0000000100000000)
  region size 1024K, 92 young (94208K), 10 survivors (10240K)
 Metaspace       used 27301K, capacity 29376K, committed 29440K, reserved 1075200K
  class space    used 3398K, capacity 3796K, committed 3840K, reserved 1048576K
}
Event: 6.347 GC heap after
{Heap after GC invocations=14 (full 0):
 garbage-first heap   total 200704K, used 79872K [0x0000000081600000, 0x0000000081700620, 0x0000000100000000)
  region size 1024K, 8 young (8192K), 8 survivors (8192K)
 Metaspace       used 27301K, capacity 29376K, committed 29440K, reserved 1075200K
  class space    used 3398K, capacity 3796K, committed 3840K, reserved 1048576K
}
Event: 6.595 GC heap before
{Heap before GC invocations=14 (full 0):
 garbage-first heap   total 200704K, used 159744K [0x0000000081600000, 0x0000000081700620, 0x0000000100000000)
  region size 1024K, 86 young (88064K), 8 survivors (8192K)
 Metaspace       used 27301K, capacity 29376K, committed 29440K, reserved 1075200K
  class space    used 3398K, capacity 3796K, committed 3840K, reserved 1048576K
}
Event: 6.623 GC heap after
{Heap after GC invocations=15 (full 0):
 garbage-first heap   total 352256K, used 86813K [0x0000000081600000, 0x0000000081700ac0, 0x0000000100000000)
  region size 1024K, 8 young (8192K), 8 survivors (8192K)
 Metaspace       used 27301K, capacity 29376K, committed 29440K, reserved 1075200K
  class space    used 3398K, capacity 3796K, committed 3840K, reserved 1048576K
}
Event: 6.885 GC heap before
{Heap before GC invocations=15 (full 0):
 garbage-first heap   total 352256K, used 229149K [0x0000000081600000, 0x0000000081700ac0, 0x0000000100000000)
  region size 1024K, 147 young (150528K), 8 survivors (8192K)
 Metaspace       used 27307K, capacity 29376K, committed 29440K, reserved 1075200K
  class space    used 3398K, capacity 3796K, committed 3840K, reserved 1048576K
}
Event: 6.929 GC heap after
{Heap after GC invocations=16 (full 0):
 garbage-first heap   total 352256K, used 100060K [0x0000000081600000, 0x0000000081700ac0, 0x0000000100000000)
  region size 1024K, 19 young (19456K), 19 survivors (19456K)
 Metaspace       used 27307K, capacity 29376K, committed 29440K, reserved 1075200K
  class space    used 3398K, capacity 3796K, committed 3840K, reserved 1048576K
}
Event: 8.298 GC heap before
{Heap before GC invocations=16 (full 0):
 garbage-first heap   total 352256K, used 270044K [0x0000000081600000, 0x0000000081700ac0, 0x0000000100000000)
  region size 1024K, 185 young (189440K), 19 survivors (19456K)
 Metaspace       used 28470K, capacity 30742K, committed 30976K, reserved 1077248K
  class space    used 3545K, capacity 3997K, committed 4096K, reserved 1048576K
}
Event: 8.364 GC heap after
{Heap after GC invocations=17 (full 0):
 garbage-first heap   total 352256K, used 114797K [0x0000000081600000, 0x0000000081700ac0, 0x0000000100000000)
  region size 1024K, 15 young (15360K), 15 survivors (15360K)
 Metaspace       used 28470K, capacity 30742K, committed 30976K, reserved 1077248K
  class space    used 3545K, capacity 3997K, committed 4096K, reserved 1048576K
}
Event: 9.450 GC heap before
{Heap before GC invocations=17 (full 0):
 garbage-first heap   total 352256K, used 274541K [0x0000000081600000, 0x0000000081700ac0, 0x0000000100000000)
  region size 1024K, 166 young (169984K), 15 survivors (15360K)
 Metaspace       used 30275K, capacity 32486K, committed 32640K, reserved 1077248K
  class space    used 3731K, capacity 4139K, committed 4224K, reserved 1048576K
}
Event: 9.476 GC heap after
{Heap after GC invocations=18 (full 0):
 garbage-first heap   total 352256K, used 121856K [0x0000000081600000, 0x0000000081700ac0, 0x0000000100000000)
  region size 1024K, 5 young (5120K), 5 survivors (5120K)
 Metaspace       used 30275K, capacity 32486K, committed 32640K, reserved 1077248K
  class space    used 3731K, capacity 4139K, committed 4224K, reserved 1048576K
}

